2016-10-07 23:36:09 Workerman[tcp_server.php] start in DEBUG mode
2016-10-07 23:40:57 Workerman[tcp_server.php] Stopping ...
2016-10-07 23:40:57 Workerman[tcp_server.php] has been stopped
2016-10-07 23:40:58 Workerman[tcp_server.php] start in DEBUG mode
2016-10-07 23:42:40 Workerman[tcp_server.php] Stopping ...
2016-10-07 23:42:40 Workerman[tcp_server.php] has been stopped
2016-10-07 23:42:55 Workerman[tcp_server.php] start in DEBUG mode
2016-10-07 23:44:01 Workerman[tcp_server.php] Stopping ...
2016-10-07 23:44:01 Workerman[tcp_server.php] has been stopped
2016-10-07 23:44:02 Workerman[tcp_server.php] start in DEBUG mode
2016-10-07 23:45:55 Workerman[tcp_server.php] Stopping ...
2016-10-07 23:45:55 Workerman[tcp_server.php] has been stopped
2016-10-07 23:45:55 Workerman[tcp_server.php] start in DEBUG mode
2016-10-07 23:48:15 Workerman[tcp_server.php] Stopping ...
2016-10-07 23:48:15 Workerman[tcp_server.php] has been stopped
2016-10-07 23:48:15 Workerman[tcp_server.php] start in DEBUG mode
2016-10-07 23:49:36 Workerman[tcp_server.php] Stopping ...
2016-10-07 23:49:36 Workerman[tcp_server.php] has been stopped
2016-10-07 23:49:37 Workerman[tcp_server.php] start in DEBUG mode
2016-10-07 23:52:20 Workerman[tcp_server.php] Stopping ...
2016-10-07 23:52:20 Workerman[tcp_server.php] has been stopped
2016-10-07 23:52:21 Workerman[tcp_server.php] start in DEBUG mode
2016-10-07 23:55:08 WORKER EXIT UNEXPECTED E_ERROR Call to a member function close() on a non-object in /home/hxuhao/GoAPPServer/user.class.php on line 153
2016-10-07 23:55:08 worker[none:3683] exit with status 65280
2016-10-07 23:56:32 Workerman[tcp_server.php] Stopping ...
2016-10-07 23:56:32 Workerman[tcp_server.php] has been stopped
2016-10-07 23:56:32 Workerman[tcp_server.php] start in DEBUG mode
2016-10-08 00:05:05 Workerman[tcp_server.php] Stopping ...
2016-10-08 00:05:05 Workerman[tcp_server.php] has been stopped
2016-10-08 00:05:07 Workerman[tcp_server.php] start in DEBUG mode
2016-10-08 00:06:24 Workerman[tcp_server.php] Stopping ...
2016-10-08 00:06:24 Workerman[tcp_server.php] has been stopped
2016-10-08 00:06:24 Workerman[tcp_server.php] start in DEBUG mode
2016-10-08 00:07:29 Workerman[tcp_server.php] Stopping ...
2016-10-08 00:07:29 Workerman[tcp_server.php] has been stopped
2016-10-08 00:07:30 Workerman[tcp_server.php] start in DEBUG mode
2016-10-08 00:09:12 Workerman[tcp_server.php] Stopping ...
2016-10-08 00:09:12 Workerman[tcp_server.php] has been stopped
2016-10-08 00:09:39 Workerman[tcp_server.php] start in DEBUG mode
2016-10-08 00:23:57 Workerman[tcp_server.php] Stopping ...
2016-10-08 00:23:57 Workerman[tcp_server.php] has been stopped
2016-10-08 00:23:58 Workerman[tcp_server.php] start in DEBUG mode
2016-10-08 00:32:14 Workerman[tcp_server.php] Stopping ...
2016-10-08 00:32:14 Workerman[tcp_server.php] has been stopped
2016-10-08 00:32:15 Workerman[tcp_server.php] start in DEBUG mode
2016-10-08 00:47:34 Workerman[tcp_server.php] Stopping ...
2016-10-08 00:47:34 Workerman[tcp_server.php] has been stopped
